app/build/outputs/logs/manifest-merger-debug-report.txt
-- Merging decision tree log ---
manifest
ADDED from src\main\AndroidManifest.xml:10:1-40:12
	xmlns:android
		ADDED from src\main\AndroidManifest.xml:10:11-69
	package
		ADDED from src\main\AndroidManifest.xml:11:7-35
		INJECTED from src\main\AndroidManifest.xml
		INJECTED from src\main\AndroidManifest.xml
	android:versionName
		ADDED from src\main\AndroidManifest.xml:13:7-32
	android:versionCode
		ADDED from src\main\AndroidManifest.xml:12:7-30
		INJECTED from src\main\AndroidManifest.xml
		INJECTED from src\main\AndroidManifest.xml
application
ADDED from src\main\AndroidManifest.xml:14:5-38:19
	android:label
		ADDED from src\main\AndroidManifest.xml:15:11-43
	android:icon
		ADDED from src\main\AndroidManifest.xml:14:18-47
activity#org.example.sudoku.Sudoku
ADDED from src\main\AndroidManifest.xml:16:9-22:20
	android:label
		ADDED from src\main\AndroidManifest.xml:17:15-47
	android:name
		ADDED from src\main\AndroidManifest.xml:16:19-41
intent-filter#android.intent.action.MAIN+android.intent.category.LAUNCHER
ADDED from src\main\AndroidManifest.xml:18:13-21:29
action#android.intent.action.MAIN
ADDED from src\main\AndroidManifest.xml:19:17-69
	android:name
		ADDED from src\main\AndroidManifest.xml:19:25-66
category#android.intent.category.LAUNCHER
ADDED from src\main\AndroidManifest.xml:20:17-77
	android:name
		ADDED from src\main\AndroidManifest.xml:20:27-74
activity#org.example.sudoku.About
ADDED from src\main\AndroidManifest.xml:24:9-27:20
	android:label
		ADDED from src\main\AndroidManifest.xml:25:15-50
	android:theme
		ADDED from src\main\AndroidManifest.xml:26:15-58
	android:name
		ADDED from src\main\AndroidManifest.xml:24:19-40
activity#org.example.sudoku.Prefs
ADDED from src\main\AndroidManifest.xml:30:9-32:20
	android:label
		ADDED from src\main\AndroidManifest.xml:31:15-53
	android:name
		ADDED from src\main\AndroidManifest.xml:30:19-40
activity#org.example.sudoku.Game
ADDED from src\main\AndroidManifest.xml:35:9-36:51
	android:label
		ADDED from src\main\AndroidManifest.xml:36:15-49
	android:name
		ADDED from src\main\AndroidManifest.xml:35:19-39
uses-sdk
ADDED from src\main\AndroidManifest.xml:39:5-72
	android:targetSdkVersion
		ADDED from src\main\AndroidManifest.xml:39:41-69
		INJECTED from src\main\AndroidManifest.xml
		INJECTED from src\main\AndroidManifest.xml
	android:minSdkVersion
		ADDED from src\main\AndroidManifest.xml:39:15-40
		INJECTED from src\main\AndroidManifest.xml
		INJECTED from src\main\AndroidManifest.xml